[themewagon.github.io/hairnic/index.html]
[backblue.gif]
[fade.gif]
[index.html]
[themewagon.github.io/hairnic/img/favicon.ico]
[cdn.jsdelivr.net/npm/bootstrap-icons@1.4.1/font/bootstrap-icons.css]
[cdnjs.cloudflare.com/ajax/libs/font-awesome/5.10.0/css/all.min.css]
[themewagon.github.io/hairnic/lib/animate/animate.min.css]
[themewagon.github.io/hairnic/lib/owlcarousel/assets/owl.carousel.min.css]
[themewagon.github.io/hairnic/css/bootstrap.min.css]
[themewagon.github.io/hairnic/css/style.css]
[themewagon.github.io/hairnic/about.html]
[themewagon.github.io/hairnic/product.html]
[themewagon.github.io/hairnic/feature.html]
[themewagon.github.io/hairnic/how-to-use.html]
[themewagon.github.io/hairnic/testimonial.html]
[themewagon.github.io/hairnic/blog.html]
[themewagon.github.io/hairnic/404.html]
[themewagon.github.io/hairnic/contact.html]
[themewagon.github.io/hairnic/img/shampoo.png]
[themewagon.github.io/hairnic/img/shampoo-1.png]
[themewagon.github.io/hairnic/img/shampoo-2.png]
[themewagon.github.io/hairnic/img/product-1.png]
[themewagon.github.io/hairnic/img/product-2.png]
[themewagon.github.io/hairnic/img/testimonial-1.jpg]
[themewagon.github.io/hairnic/img/testimonial-2.jpg]
[themewagon.github.io/hairnic/img/testimonial-3.jpg]
[themewagon.github.io/hairnic/img/blog-1.jpg]
[themewagon.github.io/hairnic/img/blog-2.jpg]
[themewagon.github.io/hairnic/img/blog-3.jpg]
[ajax.googleapis.com/ajax/libs/jquery/3.6.1/jquery.min.js]
[cdn.jsdelivr.net/npm/bootstrap@5.0.0/dist/js/bootstrap.bundle.min.js]
[themewagon.github.io/hairnic/lib/wow/wow.min.js]
[themewagon.github.io/hairnic/lib/easing/easing.min.js]
[themewagon.github.io/hairnic/lib/waypoints/waypoints.min.js]
[themewagon.github.io/hairnic/lib/owlcarousel/owl.carousel.min.js]
[themewagon.github.io/hairnic/js/main.js]
[themewagon.github.io/hairnic/index.html]
[themewagon.github.io/hairnic/img/favicon.html]
[cdnjs.cloudflare.com/ajax/libs/font-awesome/5.10.0/css/all.min.css]
[cdn.jsdelivr.net/npm/bootstrap-icons@1.4.1/font/fonts/bootstrap-iconsfb95.woff2]
[cdn.jsdelivr.net/npm/bootstrap-icons@1.4.1/font/fonts/bootstrap-iconsfb95.woff]
[cdn.jsdelivr.net/npm/bootstrap-icons@1.4.1/font/bootstrap-icons.css]
[themewagon.github.io/hairnic/lib/animate/animate.min.css]
[themewagon.github.io/hairnic/lib/owlcarousel/assets/owl.video.play.png]
[themewagon.github.io/hairnic/lib/owlcarousel/assets/owl.carousel.min.css]
[themewagon.github.io/hairnic/css/bootstrap.min.css]
[themewagon.github.io/hairnic/img/bg.png]
[themewagon.github.io/hairnic/css/style.css]
[themewagon.github.io/hairnic/about.html]
[themewagon.github.io/hairnic/product.html]
[themewagon.github.io/hairnic/feature.html]
[themewagon.github.io/hairnic/how-to-use.html]
[themewagon.github.io/hairnic/testimonial.html]
[themewagon.github.io/hairnic/blog.html]
[themewagon.github.io/hairnic/404.html]
[themewagon.github.io/hairnic/contact.html]
